E:\CODE\CREATEPROCESS\CREATEPROCESS\RELEASE\CREATEPROCESS.PCH
E:\CODE\CREATEPROCESS\CREATEPROCESS\RELEASE\STDAFX.OBJ
E:\CODE\CREATEPROCESS\CREATEPROCESS\RELEASE\VC110.PDB
E:\CODE\CREATEPROCESS\CREATEPROCESS\RELEASE\CREATEPROCESS.OBJ
E:\CODE\CREATEPROCESS\RELEASE\CREATEPROCESS.EXE
E:\CODE\CREATEPROCESS\RELEASE\CREATEPROCESS.PDB
E:\Code\CreateProcess\CreateProcess\Release\CreateProcess.obj
E:\Code\CreateProcess\CreateProcess\Release\stdafx.obj
E:\Code\CreateProcess\CreateProcess\Release\cl.command.1.tlog
E:\Code\CreateProcess\CreateProcess\Release\CL.read.1.tlog
E:\Code\CreateProcess\CreateProcess\Release\CL.write.1.tlog
E:\Code\CreateProcess\CreateProcess\Release\link-cvtres.read.1.tlog
E:\Code\CreateProcess\CreateProcess\Release\link-cvtres.write.1.tlog
E:\Code\CreateProcess\CreateProcess\Release\link-mt.read.1.tlog
E:\Code\CreateProcess\CreateProcess\Release\link-mt.write.1.tlog
E:\Code\CreateProcess\CreateProcess\Release\link-rc.read.1.tlog
E:\Code\CreateProcess\CreateProcess\Release\link-rc.write.1.tlog
E:\Code\CreateProcess\CreateProcess\Release\link.command.1.tlog
E:\Code\CreateProcess\CreateProcess\Release\link.read.1.tlog
E:\Code\CreateProcess\CreateProcess\Release\link.write.1.tlog
E:\Code\CreateProcess\CreateProcess\Release\CreateProcess.pch
E:\Code\CreateProcess\CreateProcess\Release\vc110.pdb
E:\Code\CreateProcess\Release\CreateProcess.pdb
E:\Code\CreateProcess\Release\CreateProcess.exe
