E:\CODE\CREATEPROCESSRECEIVE\CREATEPROCESSRECEIVE\DEBUG\CREATEPROCESSRECEIVE.PCH
E:\CODE\CREATEPROCESSRECEIVE\CREATEPROCESSRECEIVE\DEBUG\STDAFX.OBJ
E:\CODE\CREATEPROCESSRECEIVE\CREATEPROCESSRECEIVE\DEBUG\VC110.PDB
E:\CODE\CREATEPROCESSRECEIVE\CREATEPROCESSRECEIVE\DEBUG\CREATEPROCESSRECEIVE.OBJ
E:\CODE\CREATEPROCESSRECEIVE\DEBUG\CREATEPROCESSRECEIVE.ILK
E:\CODE\CREATEPROCESSRECEIVE\DEBUG\CREATEPROCESSRECEIVE.EXE
E:\CODE\CREATEPROCESSRECEIVE\DEBUG\CREATEPROCESSRECEIVE.PDB
E:\Code\CreateProcessReceive\CreateProcessReceive\Debug\CreateProcessReceive.obj
E:\Code\CreateProcessReceive\CreateProcessReceive\Debug\stdafx.obj
E:\Code\CreateProcessReceive\CreateProcessReceive\Debug\cl.command.1.tlog
E:\Code\CreateProcessReceive\CreateProcessReceive\Debug\CL.read.1.tlog
E:\Code\CreateProcessReceive\CreateProcessReceive\Debug\CL.write.1.tlog
E:\Code\CreateProcessReceive\CreateProcessReceive\Debug\link-cvtres.read.1.tlog
E:\Code\CreateProcessReceive\CreateProcessReceive\Debug\link-cvtres.write.1.tlog
E:\Code\CreateProcessReceive\CreateProcessReceive\Debug\link-rc.read.1.tlog
E:\Code\CreateProcessReceive\CreateProcessReceive\Debug\link-rc.write.1.tlog
E:\Code\CreateProcessReceive\CreateProcessReceive\Debug\link.command.1.tlog
E:\Code\CreateProcessReceive\CreateProcessReceive\Debug\link.read.1.tlog
E:\Code\CreateProcessReceive\CreateProcessReceive\Debug\link.write.1.tlog
E:\Code\CreateProcessReceive\CreateProcessReceive\Debug\CreateProcessReceive.pch
E:\Code\CreateProcessReceive\CreateProcessReceive\Debug\vc110.idb
E:\Code\CreateProcessReceive\CreateProcessReceive\Debug\vc110.pdb
E:\Code\CreateProcessReceive\Debug\CreateProcessReceive.pdb
E:\Code\CreateProcessReceive\Debug\CreateProcessReceive.exe
E:\Code\CreateProcessReceive\Debug\CreateProcessReceive.ilk
